  VIBuffer.cpp
  TriCol.cpp
  Texture.cpp
  TerrainTex.cpp
  StaticMesh.cpp
  ResourcesMgr.cpp
  Resources.cpp
  RcTexLeft.cpp
  RcTex.cpp
  NaviMesh.cpp
  Mesh.cpp
  Line.cpp
  HierarchyLoader.cpp
  DynamicMesh.cpp
  CubeTex.cpp
  Cell.cpp
  AniCtrl.cpp
  코드를 생성하고 있습니다...
d:\git\ddd\mabinogi-the-hero\0604마영전 박성준\engine\resources\code\navimesh.cpp(55): warning C4715: 'Engine::CNaviMesh::Plus_Meshes': 모든 제어 경로에서 값을 반환하지는 않습니다.
d:\git\ddd\mabinogi-the-hero\0604마영전 박성준\engine\resources\code\navimesh.cpp(111): warning C4715: 'Engine::CNaviMesh::Move_OnNaviMesh': 모든 제어 경로에서 값을 반환하지는 않습니다.
     ../Bin\Resources.lib 라이브러리 및 ../Bin\Resources.exp 개체를 생성하고 있습니다.
  Resources.vcxproj -> D:\Git\ddd\Mabinogi-the-hero\0604마영전 박성준\Engine\Resources\Include\../Bin\Resources.dll
  Resources.vcxproj -> ../Bin\Resources.pdb (Full PDB)
  .\Engine\Resources\Code\AniCtrl.h
  .\Engine\Resources\Code\Cell.h
  .\Engine\Resources\Code\CubeTex.h
  .\Engine\Resources\Code\DynamicMesh.h
  .\Engine\Resources\Code\HierarchyLoader.h
  .\Engine\Resources\Code\Line.h
  .\Engine\Resources\Code\Mesh.h
  .\Engine\Resources\Code\NaviMesh.h
  .\Engine\Resources\Code\RcTex.h
  .\Engine\Resources\Code\RcTexLeft.h
  .\Engine\Resources\Code\Resources.h
  .\Engine\Resources\Code\ResourcesMgr.h
  .\Engine\Resources\Code\StaticMesh.h
  .\Engine\Resources\Code\TerrainTex.h
  .\Engine\Resources\Code\Texture.h
  .\Engine\Resources\Code\TriCol.h
  .\Engine\Resources\Code\VIBuffer.h
         17개 파일이 복사되었습니다.
          1개 파일이 복사되었습니다.
          1개 파일이 복사되었습니다.
  .\Engine\Header\Engine_Defines.h
  .\Engine\Header\Engine_Enum.h
  .\Engine\Header\Engine_Function.h
  .\Engine\Header\Engine_Macro.h
  .\Engine\Header\Engine_Struct.h
  .\Engine\Header\Engine_Typedef.h
  .\Engine\Header\Export_Function.h
  .\Engine\Header\Export_Resources.h
  .\Engine\Header\Export_System.h
  .\Engine\Header\Export_Utility.h
         10개 파일이 복사되었습니다.
  .\Engine\Header\Export_Resources.inl
  .\Engine\Header\Export_System.inl
  .\Engine\Header\Export_Utility.inl
          3개 파일이 복사되었습니다.
