     ../Bin\Resources.lib 라이브러리 및 ../Bin\Resources.exp 개체를 생성하고 있습니다.
  코드를 생성하고 있습니다.
  0 of 767 functions ( 0.0%) were compiled, the rest were copied from previous compilation.
    0 functions were new in current compilation
    0 functions had inline decision re-evaluated but remain unchanged
  코드를 생성했습니다.
  Resources.vcxproj -> C:\Users\박성준\Desktop\0602 오후7시\Engine\Resources\Include\../Bin\Resources.dll
  Resources.vcxproj -> ../Bin\Resources.pdb (Full PDB)
  .\Engine\Resources\Code\AniCtrl.h
  .\Engine\Resources\Code\Cell.h
  .\Engine\Resources\Code\CubeTex.h
  .\Engine\Resources\Code\DynamicMesh.h
  .\Engine\Resources\Code\HierarchyLoader.h
  .\Engine\Resources\Code\Line.h
  .\Engine\Resources\Code\Mesh.h
  .\Engine\Resources\Code\NaviMesh.h
  .\Engine\Resources\Code\RcTex.h
  .\Engine\Resources\Code\RcTexLeft.h
  .\Engine\Resources\Code\Resources.h
  .\Engine\Resources\Code\ResourcesMgr.h
  .\Engine\Resources\Code\StaticMesh.h
  .\Engine\Resources\Code\TerrainTex.h
  .\Engine\Resources\Code\Texture.h
  .\Engine\Resources\Code\TriCol.h
  .\Engine\Resources\Code\VIBuffer.h
         17개 파일이 복사되었습니다.
          1개 파일이 복사되었습니다.
          1개 파일이 복사되었습니다.
  .\Engine\Header\Engine_Defines.h
  .\Engine\Header\Engine_Enum.h
  .\Engine\Header\Engine_Function.h
  .\Engine\Header\Engine_Macro.h
  .\Engine\Header\Engine_Struct.h
  .\Engine\Header\Engine_Typedef.h
  .\Engine\Header\Export_Function.h
  .\Engine\Header\Export_Resources.h
  .\Engine\Header\Export_System.h
  .\Engine\Header\Export_Utility.h
         10개 파일이 복사되었습니다.
  .\Engine\Header\Export_Resources.inl
  .\Engine\Header\Export_System.inl
  .\Engine\Header\Export_Utility.inl
          3개 파일이 복사되었습니다.
