     ../Bin\Utility.lib 라이브러리 및 ../Bin\Utility.exp 개체를 생성하고 있습니다.
  코드를 생성하고 있습니다.
  0 of 1387 functions ( 0.0%) were compiled, the rest were copied from previous compilation.
    0 functions were new in current compilation
    0 functions had inline decision re-evaluated but remain unchanged
  코드를 생성했습니다.
  Utility.vcxproj -> C:\Users\박성준\Desktop\0602 오후7시\Engine\Utility\Default\../Bin\Utility.dll
  Utility.vcxproj -> ../Bin\Utility.pdb (Full PDB)
  .\Engine\Utility\Code\Calculator.h
  .\Engine\Utility\Code\Camera.h
  .\Engine\Utility\Code\Collider.h
  .\Engine\Utility\Code\Collider2.h
  .\Engine\Utility\Code\Component.h
  .\Engine\Utility\Code\fmod.h
  .\Engine\Utility\Code\fmod_codec.h
  .\Engine\Utility\Code\fmod_dsp.h
  .\Engine\Utility\Code\fmod_errors.h
  .\Engine\Utility\Code\fmod_memoryinfo.h
  .\Engine\Utility\Code\fmod_output.h
  .\Engine\Utility\Code\Frustum.h
  .\Engine\Utility\Code\GameObject.h
  .\Engine\Utility\Code\KeyMgr.h
  .\Engine\Utility\Code\Layer.h
  .\Engine\Utility\Code\Light.h
  .\Engine\Utility\Code\LightMgr.h
  .\Engine\Utility\Code\Management.h
  .\Engine\Utility\Code\Optimization.h
  .\Engine\Utility\Code\PrototypeMgr.h
  .\Engine\Utility\Code\QuadTree.h
  .\Engine\Utility\Code\Renderer.h
  .\Engine\Utility\Code\Scene.h
  .\Engine\Utility\Code\Shader.h
  .\Engine\Utility\Code\SoundMgr.h
  .\Engine\Utility\Code\Transform.h
         26개 파일이 복사되었습니다.
  .\Engine\Utility\Code\fmod.hpp
  .\Engine\Utility\Code\Shader_Base.hpp
  .\Engine\Utility\Code\Shader_Mesh.hpp
  .\Engine\Utility\Code\Shader_Sample.hpp
  .\Engine\Utility\Code\Shader_Terrain.hpp
  .\Engine\Utility\Code\Shader_Trail.hpp
  .\Engine\Utility\Code\Shader_Ui.hpp
          7개 파일이 복사되었습니다.
          1개 파일이 복사되었습니다.
          1개 파일이 복사되었습니다.
  .\Engine\Header\Engine_Defines.h
  .\Engine\Header\Engine_Enum.h
  .\Engine\Header\Engine_Function.h
  .\Engine\Header\Engine_Macro.h
  .\Engine\Header\Engine_Struct.h
  .\Engine\Header\Engine_Typedef.h
  .\Engine\Header\Export_Function.h
  .\Engine\Header\Export_Resources.h
  .\Engine\Header\Export_System.h
  .\Engine\Header\Export_Utility.h
         10개 파일이 복사되었습니다.
  .\Engine\Header\Export_Resources.inl
  .\Engine\Header\Export_System.inl
  .\Engine\Header\Export_Utility.inl
          3개 파일이 복사되었습니다.
