  TimerMgr.cpp
  Timer.cpp
  InputDev.cpp
  GraphicDev.cpp
  FrameMgr.cpp
  Frame.cpp
  FontMgr.cpp
  Font.cpp
  코드를 생성하고 있습니다...
     ../Bin\System.lib 라이브러리 및 ../Bin\System.exp 개체를 생성하고 있습니다.
  System.vcxproj -> D:\Git\ddd\Mabinogi-the-hero\0604마영전 박성준\Engine\System\Default\../Bin\System.dll
  System.vcxproj -> ../Bin\System.pdb (Full PDB)
  .\Engine\System\Code\Font.h
  .\Engine\System\Code\FontMgr.h
  .\Engine\System\Code\Frame.h
  .\Engine\System\Code\FrameMgr.h
  .\Engine\System\Code\GraphicDev.h
  .\Engine\System\Code\InputDev.h
  .\Engine\System\Code\Timer.h
  .\Engine\System\Code\TimerMgr.h
          8개 파일이 복사되었습니다.
          1개 파일이 복사되었습니다.
          1개 파일이 복사되었습니다.
  .\Engine\Header\Engine_Defines.h
  .\Engine\Header\Engine_Enum.h
  .\Engine\Header\Engine_Function.h
  .\Engine\Header\Engine_Macro.h
  .\Engine\Header\Engine_Struct.h
  .\Engine\Header\Engine_Typedef.h
  .\Engine\Header\Export_Function.h
  .\Engine\Header\Export_Resources.h
  .\Engine\Header\Export_System.h
  .\Engine\Header\Export_Utility.h
         10개 파일이 복사되었습니다.
  .\Engine\Header\Export_Resources.inl
  .\Engine\Header\Export_System.inl
  .\Engine\Header\Export_Utility.inl
          3개 파일이 복사되었습니다.
