d:\nalvan\frame102\engine\system\default\debug\vc140.pdb
d:\nalvan\frame102\engine\system\default\debug\vc140.idb
d:\nalvan\frame102\engine\system\default\debug\font.obj
d:\nalvan\frame102\engine\system\default\debug\fontmgr.obj
d:\nalvan\frame102\engine\system\default\debug\frame.obj
d:\nalvan\frame102\engine\system\default\debug\framemgr.obj
d:\nalvan\frame102\engine\system\default\debug\graphicdev.obj
d:\nalvan\frame102\engine\system\default\debug\inputdev.obj
d:\nalvan\frame102\engine\system\default\debug\timer.obj
d:\nalvan\frame102\engine\system\default\debug\timermgr.obj
d:\nalvan\frame102\engine\system\bin\system.ilk
d:\nalvan\frame102\engine\system\bin\system.dll
d:\nalvan\frame102\engine\system\bin\system.pdb
d:\nalvan\frame102\engine\system\bin\system.lib
d:\nalvan\frame102\engine\system\bin\system.exp
d:\nalvan\frame102\engine\system\default\../bin\system.dll
d:\nalvan\frame102\engine\system\default\debug\system.tlog\cl.command.1.tlog
d:\nalvan\frame102\engine\system\default\debug\system.tlog\cl.read.1.tlog
d:\nalvan\frame102\engine\system\default\debug\system.tlog\cl.write.1.tlog
d:\nalvan\frame102\engine\system\default\debug\system.tlog\link.command.1.tlog
d:\nalvan\frame102\engine\system\default\debug\system.tlog\link.read.1.tlog
d:\nalvan\frame102\engine\system\default\debug\system.tlog\link.write.1.tlog
d:\nalvan\frame102\engine\system\default\debug\system.tlog\system.write.1u.tlog
