  Calculator.cpp
c:\users\박성준\desktop\0602 오후7시\engine\utility\code\Component.h(4): fatal error C1083: 포함 파일을 열 수 없습니다. 'Engine_Defines.h': No such file or directory
  Camera.cpp
c:\users\박성준\desktop\0602 오후7시\engine\utility\code\Component.h(4): fatal error C1083: 포함 파일을 열 수 없습니다. 'Engine_Defines.h': No such file or directory
  Collider.cpp
c:\users\박성준\desktop\0602 오후7시\engine\utility\code\Component.h(4): fatal error C1083: 포함 파일을 열 수 없습니다. 'Engine_Defines.h': No such file or directory
  Collider2.cpp
c:\users\박성준\desktop\0602 오후7시\engine\utility\code\Component.h(4): fatal error C1083: 포함 파일을 열 수 없습니다. 'Engine_Defines.h': No such file or directory
  Component.cpp
c:\users\박성준\desktop\0602 오후7시\engine\utility\code\Component.h(4): fatal error C1083: 포함 파일을 열 수 없습니다. 'Engine_Defines.h': No such file or directory
  Frustum.cpp
c:\users\박성준\desktop\0602 오후7시\engine\utility\code\Frustum.h(4): fatal error C1083: 포함 파일을 열 수 없습니다. 'Engine_Defines.h': No such file or directory
  GameObject.cpp
c:\users\박성준\desktop\0602 오후7시\engine\utility\code\Component.h(4): fatal error C1083: 포함 파일을 열 수 없습니다. 'Engine_Defines.h': No such file or directory
  KeyMgr.cpp
c:\users\박성준\desktop\0602 오후7시\engine\utility\code\KeyMgr.h(5): fatal error C1083: 포함 파일을 열 수 없습니다. 'Engine_Defines.h': No such file or directory
  Layer.cpp
c:\users\박성준\desktop\0602 오후7시\engine\utility\code\Component.h(4): fatal error C1083: 포함 파일을 열 수 없습니다. 'Engine_Defines.h': No such file or directory
  Light.cpp
c:\users\박성준\desktop\0602 오후7시\engine\utility\code\Light.h(4): fatal error C1083: 포함 파일을 열 수 없습니다. 'Engine_Defines.h': No such file or directory
  LightMgr.cpp
c:\users\박성준\desktop\0602 오후7시\engine\utility\code\LightMgr.h(4): fatal error C1083: 포함 파일을 열 수 없습니다. 'Engine_Defines.h': No such file or directory
  Management.cpp
..\Code\Management.cpp(1): fatal error C1083: 포함 파일을 열 수 없습니다. 'Export_Utility.h': No such file or directory
  Optimization.cpp
c:\users\박성준\desktop\0602 오후7시\engine\utility\code\Component.h(4): fatal error C1083: 포함 파일을 열 수 없습니다. 'Engine_Defines.h': No such file or directory
  PrototypeMgr.cpp
c:\users\박성준\desktop\0602 오후7시\engine\utility\code\PrototypeMgr.h(4): fatal error C1083: 포함 파일을 열 수 없습니다. 'Engine_Defines.h': No such file or directory
  QuadTree.cpp
c:\users\박성준\desktop\0602 오후7시\engine\utility\code\QuadTree.h(4): fatal error C1083: 포함 파일을 열 수 없습니다. 'Engine_Defines.h': No such file or directory
  Renderer.cpp
c:\users\박성준\desktop\0602 오후7시\engine\utility\code\Renderer.h(4): fatal error C1083: 포함 파일을 열 수 없습니다. 'Engine_Defines.h': No such file or directory
  Scene.cpp
c:\users\박성준\desktop\0602 오후7시\engine\utility\code\Component.h(4): fatal error C1083: 포함 파일을 열 수 없습니다. 'Engine_Defines.h': No such file or directory
  Shader.cpp
c:\users\박성준\desktop\0602 오후7시\engine\utility\code\Shader.h(4): fatal error C1083: 포함 파일을 열 수 없습니다. 'Engine_Defines.h': No such file or directory
  SoundMgr.cpp
c:\users\박성준\desktop\0602 오후7시\engine\utility\code\SoundMgr.h(5): fatal error C1083: 포함 파일을 열 수 없습니다. 'Engine_Defines.h': No such file or directory
  Transform.cpp
c:\users\박성준\desktop\0602 오후7시\engine\utility\code\Component.h(4): fatal error C1083: 포함 파일을 열 수 없습니다. 'Engine_Defines.h': No such file or directory
